Scanning Sackmann CSVs for tournament-year pairs...
  Found 30,246 unique tournament-year pairs
  Matched: 1656 location-year pairs
  Unmatched tournaments: 6357
  10/1656 | 3,287 new rows | skip=0
    HTTP 500 lat=-37.82 lon=144.98 year=2008
  20/1656 | 6,574 new rows | skip=0
  30/1656 | 10,226 new rows | skip=0
  40/1656 | 13,879 new rows | skip=0
  50/1656 | 17,531 new rows | skip=0
  60/1656 | 21,184 new rows | skip=0
  70/1656 | 24,837 new rows | skip=0
  80/1656 | 28,489 new rows | skip=0
  90/1656 | 32,143 new rows | skip=0
  100/1656 | 35,795 new rows | skip=0
  110/1656 | 39,447 new rows | skip=0
  120/1656 | 43,100 new rows | skip=0
  130/1656 | 46,752 new rows | skip=0
  140/1656 | 50,405 new rows | skip=0
  150/1656 | 54,057 new rows | skip=0
  160/1656 | 57,710 new rows | skip=0
  170/1656 | 61,363 new rows | skip=0
  180/1656 | 65,015 new rows | skip=0
  190/1656 | 68,668 new rows | skip=0
  200/1656 | 72,320 new rows | skip=0
  210/1656 | 75,973 new rows | skip=0
  220/1656 | 79,626 new rows | skip=0
  230/1656 | 83,279 new rows | skip=0
  240/1656 | 86,931 new rows | skip=0
  250/1656 | 90,584 new rows | skip=0
  260/1656 | 94,237 new rows | skip=0
  270/1656 | 97,889 new rows | skip=0
  280/1656 | 101,541 new rows | skip=0
  290/1656 | 105,194 new rows | skip=0
  300/1656 | 108,846 new rows | skip=0
  310/1656 | 112,499 new rows | skip=0
  320/1656 | 116,151 new rows | skip=0
  330/1656 | 119,804 new rows | skip=0
  340/1656 | 123,456 new rows | skip=0
  350/1656 | 127,109 new rows | skip=0
  360/1656 | 130,760 new rows | skip=0
  370/1656 | 134,414 new rows | skip=0
  380/1656 | 138,066 new rows | skip=0
  390/1656 | 141,719 new rows | skip=0
  400/1656 | 145,372 new rows | skip=0
  410/1656 | 149,024 new rows | skip=0
  420/1656 | 152,678 new rows | skip=0
  430/1656 | 156,330 new rows | skip=0
  440/1656 | 159,983 new rows | skip=0
  450/1656 | 163,636 new rows | skip=0
  460/1656 | 167,288 new rows | skip=0
  470/1656 | 170,940 new rows | skip=0
  480/1656 | 174,593 new rows | skip=0
    Rate limited — waiting 60s ...
    Rate limited — waiting 60s ...
    Rate limited — waiting 120s ...
    Rate limited — waiting 60s ...
    Rate limited — waiting 60s ...
    Rate limited — waiting 120s ...
    Rate limited — waiting 60s ...
  490/1656 | 178,246 new rows | skip=0
    Rate limited — waiting 60s ...
    Rate limited — waiting 60s ...
    Rate limited — waiting 120s ...
    Rate limited — waiting 60s ...
    Rate limited — waiting 120s ...
    Rate limited — waiting 60s ...
    Rate limited — waiting 120s ...
    Rate limited — waiting 60s ...
    Rate limited — waiting 60s ...
    Rate limited — waiting 120s ...
    Rate limited — waiting 60s ...
    Rate limited — waiting 120s ...
    Rate limited — waiting 60s ...
    Rate limited — waiting 120s ...
    Rate limited — waiting 60s ...
    Rate limited — waiting 60s ...
  500/1656 | 181,898 new rows | skip=0
    Rate limited — waiting 60s ...
    Rate limited — waiting 120s ...
    Rate limited — waiting 60s ...
    Rate limited — waiting 120s ...
    Rate limited — waiting 60s ...
    Rate limited — waiting 120s ...
    Rate limited — waiting 60s ...
    Rate limited — waiting 60s ...
  510/1656 | 185,551 new rows | skip=0
  520/1656 | 189,204 new rows | skip=0
  530/1656 | 192,856 new rows | skip=0
  540/1656 | 196,508 new rows | skip=0
  550/1656 | 200,161 new rows | skip=0
  560/1656 | 203,813 new rows | skip=0
  570/1656 | 207,466 new rows | skip=0
  580/1656 | 211,117 new rows | skip=0
  590/1656 | 214,770 new rows | skip=0
  600/1656 | 218,423 new rows | skip=0
  610/1656 | 222,075 new rows | skip=0
  620/1656 | 225,728 new rows | skip=0
  630/1656 | 229,380 new rows | skip=0
  640/1656 | 233,032 new rows | skip=0
  650/1656 | 236,685 new rows | skip=0
  660/1656 | 240,337 new rows | skip=0
  670/1656 | 243,989 new rows | skip=0
  680/1656 | 247,642 new rows | skip=0
  690/1656 | 251,294 new rows | skip=0
  700/1656 | 254,947 new rows | skip=0
  710/1656 | 258,600 new rows | skip=0
  720/1656 | 262,251 new rows | skip=0
  730/1656 | 265,904 new rows | skip=0
  740/1656 | 269,557 new rows | skip=0
  750/1656 | 273,209 new rows | skip=0
  760/1656 | 276,861 new rows | skip=0
  770/1656 | 280,514 new rows | skip=0
  780/1656 | 284,167 new rows | skip=0
  790/1656 | 287,819 new rows | skip=0
  800/1656 | 291,472 new rows | skip=0
  810/1656 | 295,125 new rows | skip=0
  820/1656 | 298,777 new rows | skip=0
  830/1656 | 302,430 new rows | skip=0
  840/1656 | 306,082 new rows | skip=0
  850/1656 | 309,735 new rows | skip=0
  860/1656 | 313,387 new rows | skip=0
  870/1656 | 317,040 new rows | skip=0
  880/1656 | 320,693 new rows | skip=0
  890/1656 | 324,345 new rows | skip=0
  900/1656 | 327,998 new rows | skip=0
  910/1656 | 331,650 new rows | skip=0
  920/1656 | 335,303 new rows | skip=0
  930/1656 | 338,956 new rows | skip=0
  940/1656 | 342,608 new rows | skip=0
  950/1656 | 346,261 new rows | skip=0
  960/1656 | 349,914 new rows | skip=0
  970/1656 | 353,566 new rows | skip=0
  980/1656 | 357,219 new rows | skip=0
    Rate limited — waiting 60s ...
    Rate limited — waiting 60s ...
    Rate limited — waiting 120s ...
    Rate limited — waiting 60s ...
    Rate limited — waiting 120s ...
    Rate limited — waiting 60s ...
    Rate limited — waiting 120s ...
    Rate limited — waiting 60s ...
  990/1656 | 360,871 new rows | skip=0
    Rate limited — waiting 60s ...
    Rate limited — waiting 60s ...
    Rate limited — waiting 120s ...
    Rate limited — waiting 180s ...
    Rate limited — waiting 60s ...
    Rate limited — waiting 120s ...
    Rate limited — waiting 180s ...
  1000/1656 | 363,793 new rows | skip=0
  1010/1656 | 367,445 new rows | skip=0
    Rate limited — waiting 60s ...
  1020/1656 | 371,097 new rows | skip=0
  1030/1656 | 374,750 new rows | skip=0
    Rate limited — waiting 60s ...
  1040/1656 | 378,402 new rows | skip=0
  1050/1656 | 382,055 new rows | skip=0
    Rate limited — waiting 60s ...
  1060/1656 | 385,707 new rows | skip=0
  1070/1656 | 389,359 new rows | skip=0
    Rate limited — waiting 60s ...
  1080/1656 | 393,012 new rows | skip=0
  1090/1656 | 396,665 new rows | skip=0
  1100/1656 | 400,317 new rows | skip=0
    Rate limited — waiting 60s ...
  1110/1656 | 403,969 new rows | skip=0
    Rate limited — waiting 60s ...
    Rate limited — waiting 120s ...
    Rate limited — waiting 60s ...
    Rate limited — waiting 60s ...
    Rate limited — waiting 120s ...
    Rate limited — waiting 180s ...
    Rate limited — waiting 60s ...
    Rate limited — waiting 60s ...
    Rate limited — waiting 60s ...
  1120/1656 | 407,256 new rows | skip=0
    Rate limited — waiting 60s ...
    Rate limited — waiting 120s ...
    Rate limited — waiting 60s ...
  1130/1656 | 410,907 new rows | skip=0
  1140/1656 | 414,560 new rows | skip=0
  1150/1656 | 418,213 new rows | skip=0
    Rate limited — waiting 60s ...
  1160/1656 | 421,865 new rows | skip=0
  1170/1656 | 425,518 new rows | skip=0
  1180/1656 | 429,170 new rows | skip=0
    Rate limited — waiting 60s ...
  1190/1656 | 432,823 new rows | skip=0
  1200/1656 | 436,475 new rows | skip=0
    Rate limited — waiting 60s ...
  1210/1656 | 440,128 new rows | skip=0
  1220/1656 | 443,780 new rows | skip=0
  1230/1656 | 447,433 new rows | skip=0
    Rate limited — waiting 60s ...
  1240/1656 | 451,085 new rows | skip=0
  1250/1656 | 454,738 new rows | skip=0
    Rate limited — waiting 60s ...
  1260/1656 | 458,390 new rows | skip=0
  1270/1656 | 462,042 new rows | skip=0
    Rate limited — waiting 60s ...
  1280/1656 | 465,695 new rows | skip=0
  1290/1656 | 469,347 new rows | skip=0
    Rate limited — waiting 60s ...
    Rate limited — waiting 60s ...
    Rate limited — waiting 120s ...
    Rate limited — waiting 60s ...
    Rate limited — waiting 120s ...
    Rate limited — waiting 180s ...
  1300/1656 | 472,634 new rows | skip=0
    Rate limited — waiting 60s ...
    Rate limited — waiting 60s ...
    Rate limited — waiting 120s ...
    Rate limited — waiting 180s ...
    Rate limited — waiting 60s ...
    Rate limited — waiting 120s ...
    Rate limited — waiting 180s ...
    Rate limited — waiting 60s ...
    Rate limited — waiting 120s ...
    Rate limited — waiting 60s ...
    Rate limited — waiting 120s ...
    Rate limited — waiting 180s ...
    Rate limited — waiting 60s ...
    Rate limited — waiting 120s ...
    Rate limited — waiting 180s ...
    Rate limited — waiting 60s ...
  1310/1656 | 474,825 new rows | skip=0
    Rate limited — waiting 60s ...
    Rate limited — waiting 60s ...
    Rate limited — waiting 120s ...
    Rate limited — waiting 180s ...
    Rate limited — waiting 60s ...
    Rate limited — waiting 120s ...
    Rate limited — waiting 180s ...
    Rate limited — waiting 60s ...
    Rate limited — waiting 120s ...
    Rate limited — waiting 60s ...
    Rate limited — waiting 120s ...
    Rate limited — waiting 180s ...
    Rate limited — waiting 60s ...
    Rate limited — waiting 60s ...
    Rate limited — waiting 120s ...
    Rate limited — waiting 180s ...
  1320/1656 | 477,016 new rows | skip=0
    Rate limited — waiting 60s ...
    Rate limited — waiting 60s ...
    Rate limited — waiting 60s ...
    Rate limited — waiting 120s ...
    Rate limited — waiting 60s ...
    Rate limited — waiting 60s ...
    Rate limited — waiting 120s ...
    Rate limited — waiting 60s ...
    Rate limited — waiting 120s ...
    Rate limited — waiting 60s ...
    Rate limited — waiting 120s ...
    Rate limited — waiting 60s ...
    Rate limited — waiting 60s ...
    Rate limited — waiting 120s ...
    Rate limited — waiting 180s ...
  1330/1656 | 480,304 new rows | skip=0
    Rate limited — waiting 60s ...
    Rate limited — waiting 60s ...
    Rate limited — waiting 120s ...
    Rate limited — waiting 60s ...
    Rate limited — waiting 120s ...
    Rate limited — waiting 180s ...
    Rate limited — waiting 60s ...
    Rate limited — waiting 120s ...
    Rate limited — waiting 180s ...
    Rate limited — waiting 60s ...
    Rate limited — waiting 60s ...
    Rate limited — waiting 120s ...
    Rate limited — waiting 60s ...
    Rate limited — waiting 60s ...
    Rate limited — waiting 120s ...
  1340/1656 | 483,227 new rows | skip=0
    Rate limited — waiting 60s ...
    Rate limited — waiting 120s ...
    Rate limited — waiting 180s ...
    Rate limited — waiting 60s ...
    Rate limited — waiting 120s ...
    Rate limited — waiting 180s ...
    Rate limited — waiting 60s ...
    Rate limited — waiting 120s ...
    Rate limited — waiting 180s ...
    Rate limited — waiting 60s ...
    Rate limited — waiting 60s ...
    Rate limited — waiting 120s ...
    Rate limited — waiting 180s ...
    Rate limited — waiting 60s ...
    Rate limited — waiting 60s ...
    Rate limited — waiting 60s ...
  1350/1656 | 485,419 new rows | skip=0
    Rate limited — waiting 60s ...
    Rate limited — waiting 60s ...
    Rate limited — waiting 120s ...
    Rate limited — waiting 180s ...
    Rate limited — waiting 60s ...
    Rate limited — waiting 120s ...
    Rate limited — waiting 60s ...
    Rate limited — waiting 120s ...
    Rate limited — waiting 60s ...
    Rate limited — waiting 120s ...
    Rate limited — waiting 180s ...
    Rate limited — waiting 60s ...
    Rate limited — waiting 120s ...
    Rate limited — waiting 60s ...
    Rate limited — waiting 60s ...
    Rate limited — waiting 120s ...
    Rate limited — waiting 180s ...
    Rate limited — waiting 60s ...
    Rate limited — waiting 60s ...
    Rate limited — waiting 120s ...
    Rate limited — waiting 180s ...
  1360/1656 | 487,610 new rows | skip=0
    Rate limited — waiting 60s ...
    Rate limited — waiting 120s ...
    Rate limited — waiting 180s ...
    Rate limited — waiting 60s ...
    Rate limited — waiting 60s ...
    Rate limited — waiting 120s ...
    Rate limited — waiting 180s ...
    Rate limited — waiting 60s ...
    Rate limited — waiting 60s ...
    Rate limited — waiting 120s ...
    Rate limited — waiting 60s ...
    Rate limited — waiting 120s ...
    Rate limited — waiting 60s ...
    Rate limited — waiting 120s ...
    Rate limited — waiting 180s ...
    Rate limited — waiting 60s ...
    Rate limited — waiting 60s ...
  1370/1656 | 490,165 new rows | skip=0
    Rate limited — waiting 60s ...
    Rate limited — waiting 120s ...
    Rate limited — waiting 60s ...
    Rate limited — waiting 60s ...
    Rate limited — waiting 120s ...
    Rate limited — waiting 180s ...
    Rate limited — waiting 60s ...
    Rate limited — waiting 60s ...
    Rate limited — waiting 120s ...
    Rate limited — waiting 60s ...
    Rate limited — waiting 120s ...
    Rate limited — waiting 180s ...
    Rate limited — waiting 60s ...
    Rate limited — waiting 120s ...
    Rate limited — waiting 180s ...
    Rate limited — waiting 60s ...
    Rate limited — waiting 60s ...
    Rate limited — waiting 120s ...
    Rate limited — waiting 180s ...
  1380/1656 | 492,357 new rows | skip=0
    Rate limited — waiting 60s ...
    Rate limited — waiting 60s ...
    Rate limited — waiting 120s ...
    Rate limited — waiting 180s ...
    Rate limited — waiting 60s ...
    Rate limited — waiting 120s ...
    Rate limited — waiting 180s ...
    Rate limited — waiting 60s ...
    Rate limited — waiting 120s ...
    Rate limited — waiting 180s ...
    Rate limited — waiting 60s ...
    Rate limited — waiting 60s ...
    Rate limited — waiting 120s ...
    Rate limited — waiting 60s ...
    Rate limited — waiting 60s ...
    Rate limited — waiting 120s ...
    Rate limited — waiting 60s ...
    Rate limited — waiting 120s ...
  1390/1656 | 494,913 new rows | skip=0
    Rate limited — waiting 60s ...
    Rate limited — waiting 120s ...
    Rate limited — waiting 60s ...
    Rate limited — waiting 120s ...
    Rate limited — waiting 180s ...
    Rate limited — waiting 60s ...
    Rate limited — waiting 60s ...
    Rate limited — waiting 60s ...
    Rate limited — waiting 120s ...
    Rate limited — waiting 60s ...
    Rate limited — waiting 120s ...
    Rate limited — waiting 180s ...
    Rate limited — waiting 60s ...
    Rate limited — waiting 120s ...
    Rate limited — waiting 180s ...
    Rate limited — waiting 60s ...
    Rate limited — waiting 120s ...
    Rate limited — waiting 180s ...
  1400/1656 | 497,105 new rows | skip=0
    Rate limited — waiting 60s ...
    Rate limited — waiting 60s ...
    Rate limited — waiting 60s ...
    Rate limited — waiting 120s ...
    Rate limited — waiting 180s ...
    Rate limited — waiting 60s ...
    Rate limited — waiting 120s ...
    Rate limited — waiting 180s ...
    Rate limited — waiting 60s ...
    Rate limited — waiting 120s ...
    Rate limited — waiting 180s ...
    Rate limited — waiting 60s ...
    Rate limited — waiting 60s ...
    Rate limited — waiting 120s ...
    Rate limited — waiting 180s ...
  1410/1656 | 499,297 new rows | skip=0
    Rate limited — waiting 60s ...
    Rate limited — waiting 120s ...
    Rate limited — waiting 60s ...
    Rate limited — waiting 120s ...
    Rate limited — waiting 60s ...
    Rate limited — waiting 120s ...
    Rate limited — waiting 60s ...
    Rate limited — waiting 120s ...
    Rate limited — waiting 60s ...
    Rate limited — waiting 120s ...
    Rate limited — waiting 180s ...
    Rate limited — waiting 60s ...
    Rate limited — waiting 60s ...
    Rate limited — waiting 120s ...
    Rate limited — waiting 60s ...
    Rate limited — waiting 120s ...
    Rate limited — waiting 60s ...
    Rate limited — waiting 120s ...
    Rate limited — waiting 60s ...
  1420/1656 | 502,584 new rows | skip=0
    Rate limited — waiting 60s ...
    Rate limited — waiting 120s ...
    Rate limited — waiting 60s ...
    Rate limited — waiting 120s ...
    Rate limited — waiting 180s ...
    Rate limited — waiting 60s ...
    Rate limited — waiting 60s ...
    Rate limited — waiting 120s ...
    Rate limited — waiting 60s ...
    Rate limited — waiting 120s ...
    Rate limited — waiting 60s ...
    Rate limited — waiting 120s ...
    Rate limited — waiting 60s ...
    Rate limited — waiting 120s ...
    Rate limited — waiting 180s ...
    Rate limited — waiting 60s ...
    Rate limited — waiting 120s ...
    Rate limited — waiting 180s ...
    Rate limited — waiting 60s ...
  1430/1656 | 505,140 new rows | skip=0
    Rate limited — waiting 60s ...
    Rate limited — waiting 60s ...
    Rate limited — waiting 60s ...
    Rate limited — waiting 60s ...
    Rate limited — waiting 120s ...
    Rate limited — waiting 180s ...
    Rate limited — waiting 60s ...
    Rate limited — waiting 60s ...
    Rate limited — waiting 120s ...
    Rate limited — waiting 60s ...
    Rate limited — waiting 120s ...
    Rate limited — waiting 60s ...
    Rate limited — waiting 120s ...
    Rate limited — waiting 60s ...
    Rate limited — waiting 60s ...
    Rate limited — waiting 120s ...
  1440/1656 | 508,427 new rows | skip=0
    Rate limited — waiting 60s ...
    Rate limited — waiting 120s ...
    Rate limited — waiting 60s ...
    Rate limited — waiting 60s ...
    Rate limited — waiting 120s ...
    Rate limited — waiting 60s ...
    Rate limited — waiting 120s ...
    Rate limited — waiting 60s ...
    Rate limited — waiting 60s ...
    Rate limited — waiting 120s ...
    Rate limited — waiting 60s ...
    Rate limited — waiting 120s ...
    Rate limited — waiting 60s ...
    Rate limited — waiting 60s ...
    Rate limited — waiting 120s ...
  1450/1656 | 512,080 new rows | skip=0
    Rate limited — waiting 60s ...
    Rate limited — waiting 60s ...
    Rate limited — waiting 60s ...
    Rate limited — waiting 60s ...
    Rate limited — waiting 60s ...
    Rate limited — waiting 120s ...
    Rate limited — waiting 60s ...
    Rate limited — waiting 60s ...
    Rate limited — waiting 60s ...
    Rate limited — waiting 60s ...
    Rate limited — waiting 120s ...
    Rate limited — waiting 180s ...
  1460/1656 | 515,367 new rows | skip=0
    Rate limited — waiting 60s ...
    Rate limited — waiting 60s ...
    Rate limited — waiting 60s ...
    Rate limited — waiting 60s ...
    Rate limited — waiting 60s ...
    Rate limited — waiting 120s ...
    Rate limited — waiting 60s ...
    Rate limited — waiting 120s ...
    Rate limited — waiting 60s ...
    Rate limited — waiting 60s ...
    Rate limited — waiting 120s ...
    Rate limited — waiting 180s ...
    Rate limited — waiting 60s ...
  1470/1656 | 518,654 new rows | skip=0
    Rate limited — waiting 60s ...
    Rate limited — waiting 120s ...
    Rate limited — waiting 60s ...
    Rate limited — waiting 120s ...
    Rate limited — waiting 180s ...
    Rate limited — waiting 60s ...
    Rate limited — waiting 120s ...
    Rate limited — waiting 180s ...
    Rate limited — waiting 60s ...
    Rate limited — waiting 120s ...
    Rate limited — waiting 60s ...
    Rate limited — waiting 120s ...
    Rate limited — waiting 180s ...
    Rate limited — waiting 60s ...
    Rate limited — waiting 120s ...
    Rate limited — waiting 180s ...
    Rate limited — waiting 60s ...
    Rate limited — waiting 120s ...
    Rate limited — waiting 180s ...
  1480/1656 | 520,479 new rows | skip=0
    Rate limited — waiting 60s ...
    Rate limited — waiting 120s ...
    Rate limited — waiting 180s ...
    Rate limited — waiting 60s ...
    Rate limited — waiting 60s ...
    Rate limited — waiting 120s ...
    Rate limited — waiting 60s ...
    Rate limited — waiting 120s ...
    Rate limited — waiting 60s ...
    Rate limited — waiting 120s ...
    Rate limited — waiting 180s ...
    Rate limited — waiting 60s ...
    Rate limited — waiting 60s ...
    Rate limited — waiting 120s ...
    Rate limited — waiting 180s ...
  1490/1656 | 523,036 new rows | skip=0
    Rate limited — waiting 60s ...
    Rate limited — waiting 120s ...
    Rate limited — waiting 180s ...
    Rate limited — waiting 60s ...
    Rate limited — waiting 120s ...
    Rate limited — waiting 180s ...
    Rate limited — waiting 60s ...
    Rate limited — waiting 120s ...
    Rate limited — waiting 180s ...
    Rate limited — waiting 60s ...
    Rate limited — waiting 120s ...
    Rate limited — waiting 180s ...
    Rate limited — waiting 60s ...
    Rate limited — waiting 60s ...
    Rate limited — waiting 120s ...
    Rate limited — waiting 60s ...
    Rate limited — waiting 120s ...
    Rate limited — waiting 180s ...
  1500/1656 | 524,863 new rows | skip=0
    Rate limited — waiting 60s ...
    Rate limited — waiting 60s ...
    Rate limited — waiting 120s ...
    Rate limited — waiting 60s ...
    Rate limited — waiting 120s ...
    Rate limited — waiting 180s ...
    Rate limited — waiting 60s ...
    Rate limited — waiting 120s ...
    Rate limited — waiting 60s ...
    Rate limited — waiting 120s ...
    Rate limited — waiting 180s ...
    Rate limited — waiting 60s ...
    Rate limited — waiting 60s ...
    Rate limited — waiting 60s ...
    Rate limited — waiting 120s ...
    Rate limited — waiting 180s ...
    Rate limited — waiting 60s ...
    Rate limited — waiting 60s ...
  1510/1656 | 527,420 new rows | skip=0
    Rate limited — waiting 60s ...
    Rate limited — waiting 120s ...
    Rate limited — waiting 60s ...
    Rate limited — waiting 60s ...
    Rate limited — waiting 120s ...
    Rate limited — waiting 60s ...
    Rate limited — waiting 120s ...
    Rate limited — waiting 180s ...
    Rate limited — waiting 60s ...
    Rate limited — waiting 120s ...
    Rate limited — waiting 60s ...
    Rate limited — waiting 120s ...
    Rate limited — waiting 180s ...
    Rate limited — waiting 60s ...
    Rate limited — waiting 60s ...
    Rate limited — waiting 120s ...
    Rate limited — waiting 60s ...
    Rate limited — waiting 120s ...
    Rate limited — waiting 180s ...
    Rate limited — waiting 60s ...
  1520/1656 | 529,977 new rows | skip=0
    Rate limited — waiting 60s ...
    Rate limited — waiting 120s ...
    Rate limited — waiting 60s ...
    Rate limited — waiting 120s ...
    Rate limited — waiting 180s ...
    Rate limited — waiting 60s ...
    Rate limited — waiting 120s ...
    Rate limited — waiting 180s ...
    Rate limited — waiting 60s ...
    Rate limited — waiting 60s ...
    Rate limited — waiting 120s ...
    Rate limited — waiting 180s ...
    Rate limited — waiting 60s ...
    Rate limited — waiting 60s ...
    Rate limited — waiting 120s ...
    Rate limited — waiting 180s ...
  1530/1656 | 532,169 new rows | skip=0
    Rate limited — waiting 60s ...
    Rate limited — waiting 60s ...
    Rate limited — waiting 120s ...
    Rate limited — waiting 180s ...
    Rate limited — waiting 60s ...
    Rate limited — waiting 60s ...
    Rate limited — waiting 120s ...
    Rate limited — waiting 60s ...
    Rate limited — waiting 120s ...
    Rate limited — waiting 60s ...
    Rate limited — waiting 60s ...
    Rate limited — waiting 60s ...
    Rate limited — waiting 120s ...
    Rate limited — waiting 60s ...
    Rate limited — waiting 120s ...
  1540/1656 | 535,457 new rows | skip=0
    Rate limited — waiting 60s ...
    Rate limited — waiting 60s ...
    Rate limited — waiting 120s ...
    Rate limited — waiting 60s ...
    Rate limited — waiting 60s ...
    Rate limited — waiting 120s ...
    Rate limited — waiting 60s ...
    Rate limited — waiting 120s ...
    Rate limited — waiting 60s ...
    Rate limited — waiting 60s ...
    Rate limited — waiting 60s ...
    Rate limited — waiting 60s ...
    Rate limited — waiting 120s ...
    Rate limited — waiting 60s ...
    Rate limited — waiting 120s ...
  1550/1656 | 539,109 new rows | skip=0
    Rate limited — waiting 60s ...
    Rate limited — waiting 60s ...
    Rate limited — waiting 120s ...
    Rate limited — waiting 60s ...
    Rate limited — waiting 120s ...
    Rate limited — waiting 60s ...
    Rate limited — waiting 120s ...
    Rate limited — waiting 60s ...
    Rate limited — waiting 60s ...
    Rate limited — waiting 60s ...
    Rate limited — waiting 120s ...
    Rate limited — waiting 60s ...
    Rate limited — waiting 120s ...
    Rate limited — waiting 60s ...
    Rate limited — waiting 120s ...
    Rate limited — waiting 60s ...
    Rate limited — waiting 120s ...
  1560/1656 | 542,762 new rows | skip=0
    Rate limited — waiting 60s ...
    Rate limited — waiting 120s ...
    Rate limited — waiting 60s ...
    Rate limited — waiting 120s ...
    Rate limited — waiting 60s ...
    Rate limited — waiting 60s ...
    Rate limited — waiting 60s ...
    Rate limited — waiting 60s ...
    Rate limited — waiting 60s ...
    Rate limited — waiting 60s ...
    Rate limited — waiting 120s ...
    Rate limited — waiting 60s ...
    Rate limited — waiting 120s ...
    Rate limited — waiting 60s ...
  1570/1656 | 546,415 new rows | skip=0
    Rate limited — waiting 60s ...
    Rate limited — waiting 120s ...
    Rate limited — waiting 60s ...
    Rate limited — waiting 60s ...
    Rate limited — waiting 60s ...
    Rate limited — waiting 120s ...
    Rate limited — waiting 60s ...
    Rate limited — waiting 120s ...
    Rate limited — waiting 60s ...
    Rate limited — waiting 60s ...
    Rate limited — waiting 60s ...
    Rate limited — waiting 120s ...
    Rate limited — waiting 60s ...
    Rate limited — waiting 60s ...
  1580/1656 | 550,067 new rows | skip=0
    Rate limited — waiting 60s ...
    Rate limited — waiting 120s ...
    Rate limited — waiting 60s ...
    Rate limited — waiting 120s ...
    Rate limited — waiting 60s ...
    Rate limited — waiting 60s ...
    Rate limited — waiting 120s ...
    Rate limited — waiting 60s ...
    Rate limited — waiting 60s ...
    Rate limited — waiting 120s ...
    Rate limited — waiting 60s ...
    Rate limited — waiting 60s ...
    Rate limited — waiting 120s ...
    Rate limited — waiting 60s ...
    Rate limited — waiting 60s ...
    Rate limited — waiting 120s ...
  1590/1656 | 553,720 new rows | skip=0
    Rate limited — waiting 60s ...
    Rate limited — waiting 60s ...
    Rate limited — waiting 60s ...
    Rate limited — waiting 60s ...
    Rate limited — waiting 120s ...
    Rate limited — waiting 60s ...
    Rate limited — waiting 60s ...
    Rate limited — waiting 120s ...
    Rate limited — waiting 60s ...
    Rate limited — waiting 60s ...
    Rate limited — waiting 60s ...
    Rate limited — waiting 120s ...
    Rate limited — waiting 60s ...
    Rate limited — waiting 120s ...
  1600/1656 | 557,372 new rows | skip=0
    Rate limited — waiting 60s ...
    Rate limited — waiting 60s ...
    Rate limited — waiting 120s ...
    Rate limited — waiting 60s ...
    Rate limited — waiting 120s ...
    Rate limited — waiting 60s ...
    Rate limited — waiting 60s ...
    Rate limited — waiting 60s ...
    Rate limited — waiting 60s ...
    Rate limited — waiting 60s ...
    Rate limited — waiting 60s ...
    Rate limited — waiting 60s ...
  1610/1656 | 561,024 new rows | skip=0
    Rate limited — waiting 60s ...
    Rate limited — waiting 60s ...
    Rate limited — waiting 60s ...
    Rate limited — waiting 60s ...
    Rate limited — waiting 60s ...
    Rate limited — waiting 60s ...
    Rate limited — waiting 60s ...
    Rate limited — waiting 60s ...
    Rate limited — waiting 60s ...
    Rate limited — waiting 60s ...
    Rate limited — waiting 120s ...
  1620/1656 | 564,677 new rows | skip=0
    Rate limited — waiting 60s ...
    Rate limited — waiting 60s ...
    Rate limited — waiting 60s ...
    Rate limited — waiting 120s ...
    Rate limited — waiting 60s ...
    Rate limited — waiting 60s ...
    Rate limited — waiting 60s ...
    Rate limited — waiting 60s ...
    Rate limited — waiting 60s ...
    Rate limited — waiting 120s ...
    Rate limited — waiting 60s ...
    Rate limited — waiting 120s ...
    Rate limited — waiting 60s ...
  1630/1656 | 568,328 new rows | skip=0
    Rate limited — waiting 60s ...
    Rate limited — waiting 60s ...
    Rate limited — waiting 120s ...
    Rate limited — waiting 60s ...
    Rate limited — waiting 60s ...
    Rate limited — waiting 60s ...
    Rate limited — waiting 120s ...
    Rate limited — waiting 60s ...
    Rate limited — waiting 60s ...
    Rate limited — waiting 60s ...
    Rate limited — waiting 120s ...
    Rate limited — waiting 60s ...
    Rate limited — waiting 60s ...
  1640/1656 | 571,981 new rows | skip=0
    Rate limited — waiting 60s ...
    Rate limited — waiting 60s ...
    Rate limited — waiting 120s ...
    Rate limited — waiting 60s ...
    Rate limited — waiting 60s ...
    Rate limited — waiting 60s ...
    Rate limited — waiting 60s ...
    Rate limited — waiting 60s ...
    Rate limited — waiting 60s ...
    Rate limited — waiting 120s ...
    Rate limited — waiting 60s ...
    Rate limited — waiting 60s ...
  1650/1656 | 575,634 new rows | skip=0
    Rate limited — waiting 60s ...
    Rate limited — waiting 60s ...
    Rate limited — waiting 60s ...
    Rate limited — waiting 120s ...
    Rate limited — waiting 60s ...
    Rate limited — waiting 120s ...
    Rate limited — waiting 60s ...
    Rate limited — waiting 120s ...
    Rate limited — waiting 60s ...
    Rate limited — waiting 120s ...
    Rate limited — waiting 60s ...

Fetched 578,191 new rows from 1656 API calls
Saved weather cache: 578,191 rows, 3.4 MB → /Users/robertsong/Documents/tennis-analytics/data/processed/weather_cache.parquet
