Probe start 2026-05-14T19:07:33Z
Watching for /ready transition 200->503 (new instance) ...
watch t+0s /ready=200
watch t+11s /ready=200
watch t+21s /ready=200
watch t+31s /ready=200
watch t+42s /ready=200
watch t+52s /ready=200
watch t+63s /ready=200
watch t+73s /ready=200
watch t+83s /ready=200
watch t+94s /ready=200
watch t+104s /ready=200
watch t+115s /ready=200
watch t+125s /ready=200
watch t+135s /ready=200
watch t+146s /ready=200
watch t+156s /ready=200
watch t+166s /ready=200
watch t+177s /ready=200
watch t+187s /ready=200
watch t+197s /ready=200
watch t+208s /ready=200
watch t+218s /ready=200
watch t+228s /ready=200
watch t+239s /ready=502
watch t+249s /ready=502
watch t+261s /ready=503
>>> COLD WINDOW BEGAN at t+261s

=== t+0s  (19:11:54) ===
  /ready                        HTTP 503  body: upstream connect error or disconnect/reset before headers. reset reason: connection failure
  /predict/player/Jannik%20Sinner HTTP 503  body: upstream connect error or disconnect/reset before headers. reset reason: connection failure
  /player/Jannik%20Sinner/patterns HTTP 503  body: upstream connect error or disconnect/reset before headers. reset reason: connection failure
  /api/key-matchups-live        HTTP 503  body: upstream connect error or disconnect/reset before headers. reset reason: connection failure
  /api/tournament-predictions   HTTP 503  body: upstream connect error or disconnect/reset before headers. reset reason: connection failure

=== t+30s  (19:12:24) ===
  /ready                        HTTP 503  body: upstream connect error or disconnect/reset before headers. reset reason: connection failure
  /predict/player/Jannik%20Sinner HTTP 503  body: upstream connect error or disconnect/reset before headers. reset reason: connection failure
  /player/Jannik%20Sinner/patterns HTTP 503  body: upstream connect error or disconnect/reset before headers. reset reason: connection failure
  /api/key-matchups-live        HTTP 503  body: upstream connect error or disconnect/reset before headers. reset reason: connection failure
  /api/tournament-predictions   HTTP 503  body: upstream connect error or disconnect/reset before headers. reset reason: connection failure

=== t+60s  (19:12:54) ===
  /ready                        HTTP 404  body: 
  /predict/player/Jannik%20Sinner HTTP 503  body: 
  /player/Jannik%20Sinner/patterns HTTP 404  body: 
  /api/key-matchups-live        HTTP 503  body: 
  /api/tournament-predictions   HTTP 404  body: 

=== t+120s  (19:13:54) ===
  /ready                        HTTP 503  body: {"detail":"ML engine still warming up — retry in ~60s"}
  /predict/player/Jannik%20Sinner HTTP 503  body: {"detail":"ML engine still warming up — retry in ~60s"}
  /player/Jannik%20Sinner/patterns HTTP 503  body: {"detail":"ML engine still warming up — retry in ~60s"}
  /api/key-matchups-live        HTTP 503  body: {"detail":"ML engine still warming up — retry in ~60s"}
  /api/tournament-predictions   HTTP 503  body: {"detail":"ML engine still warming up — retry in ~60s"}

=== t+180s  (19:14:54) ===
  /ready                        HTTP 503  body: {"detail":"ML engine still warming up — retry in ~60s"}
  /predict/player/Jannik%20Sinner HTTP 503  body: {"detail":"ML engine still warming up — retry in ~60s"}
  /player/Jannik%20Sinner/patterns HTTP 503  body: {"detail":"ML engine still warming up — retry in ~60s"}
  /api/key-matchups-live        HTTP 503  body: {"detail":"ML engine still warming up — retry in ~60s"}
  /api/tournament-predictions   HTTP 503  body: {"detail":"ML engine still warming up — retry in ~60s"}

<<< /ready FLIPPED 200 at +402s from cold start

=== t+402_after_ready_200s  (19:18:37) ===
  /ready                        HTTP 200  body: {"ready":true}
  /predict/player/Jannik%20Sinner HTTP 200  body: {"name":"Jannik Sinner","country":"ITA","flag":"🇮🇹","overall":100.2,"tier":"legendary","base_rating":96.2,"form_modifier":4.0,"is_retired":false,"peak_year":2024,"rating_label":null,"glow":false,"glow_direction":"u
  /player/Jannik%20Sinner/patterns HTTP 200  body: {"available":true,"player":"Jannik Sinner","surface":"all","charted_name":"Jannik Sinner","matches_charted":260,"top_serve_directions":{"wide":{"frequency":0.403,"win_rate":0.712},"body":{"frequency":0.271,"win_rate":0.5
  /api/key-matchups-live        HTTP 200  body: {"matchups":[{"player1":"Carlos Alcaraz","player2":"Jannik Sinner","surface":"clay","round":"The Final","actual_winner":"Carlos Alcaraz","actual_score":"7-6 6-1","predicted_p1_win_prob":0.507,"predicted_p2_win_prob":0.49
  /api/tournament-predictions   HTTP 200  body: {"tournament":"Italian Open","year":2026,"surface":"Clay","category":"Masters 1000","draw_available":true,"draw_size":91,"favorites":[{"player":"Jannik Sinner","hard_rating":2459.0,"overall_rating":2722.8,"win_prob":0.35

Probe done 2026-05-14T19:18:42Z
