Endpoint audit at 2026-05-16T07:06:40Z
[200] /health
  body: {"status":"ok","version":"1.0.0"}
[200] /ready
  body: {"ready":true}
[200] /api/active-players
  body: {"active_players":["Carlos Alcaraz"],"tournaments":[{"name":"Italian Open","level":"Masters 1000","surface":"Clay","start":"2026-05-06","end":"2026-05-17","round":"4th Round","active_players_short":["
[200] /api/live-tournament
  body: {"live":{"tournament":"Italian Open","year":2026,"dates":"May 6-17, 2026","location":"Rome, ITA","surface":"Clay","level":"Masters 1000","indoor_outdoor":"Outdoor","status":"Live","draw_size":96,"resu
[200] /api/system-status
  body: {"overall":"stale","data":{"matches_through":"2026-05-03","matches_through_age_days":13,"glicko_updated":"2026-05-16T06:48:28Z","glicko_age_hours":0,"tournament_results_scraped":"2026-05-16T06:48:28Z"
[200] /player/Jannik%20Sinner
  body: {"player_id":"Jannik Sinner","name":"Jannik Sinner","country":"ITA","elo_overall":2722.8,"elo_hard":2532.6,"elo_clay":2459.0,"elo_grass":2081.9,"elo_display":100.2,"fifa_rating":100.2,"card_tier":"leg
[200] /player/Carlos%20Alcaraz
  body: {"player_id":"Carlos Alcaraz","name":"Carlos Alcaraz","country":"ESP","elo_overall":2494.5,"elo_hard":2398.6,"elo_clay":2434.1,"elo_grass":2167.1,"elo_display":96.3,"fifa_rating":96.3,"card_tier":"leg
[200] /player/Rafael%20Nadal
  body: {"player_id":"Rafael Nadal","name":"Rafael Nadal","country":"ESP","elo_overall":2192.4,"elo_hard":2127.7,"elo_clay":2355.2,"elo_grass":2037.1,"elo_display":96.0,"fifa_rating":96.0,"card_tier":"legenda
[200] /players/search?q=Sin
  body: {"results":[{"player_id":"Jannik Sinner","name":"Jannik Sinner","country":"ITA","flag":"🇮🇹","fifa_rating":100.2,"card_tier":"legendary","elo_display":100.2,"elo_match_count":543},{"player_id":"M
[200] /matchup?p1=Jannik%20Sinner&p2=Carlos%20Alcaraz
  body: {"p1":{"player_id":"Jannik Sinner","name":"Jannik Sinner","country":"ITA","elo_overall":2722.8,"elo_hard":2532.6,"elo_clay":2459.0,"elo_grass":2081.9,"elo_display":100.2,"fifa_rating":100.2,"card_tier
[200] /predict/player/Jannik%20Sinner
  body: {"name":"Jannik Sinner","country":"ITA","flag":"🇮🇹","overall":100.2,"tier":"legendary","base_rating":96.2,"form_modifier":4.0,"is_retired":false,"peak_year":2024,"rating_label":null,"glow":false
[200] /player/Jannik%20Sinner/patterns
  body: {"available":true,"player":"Jannik Sinner","surface":"all","charted_name":"Jannik Sinner","matches_charted":260,"top_serve_directions":{"wide":{"frequency":0.403,"win_rate":0.712},"body":{"frequency":
[200] /api/key-matchups-live
  body: {"matchups":[{"player1":"Carlos Alcaraz","player2":"Jannik Sinner","surface":"clay","round":"The Final","actual_winner":"Carlos Alcaraz","actual_score":"7-6 6-1","predicted_p1_win_prob":0.507,"predict
[200] /api/tournament-predictions
  body: {"tournament":"Italian Open","year":2026,"surface":"Clay","category":"Masters 1000","draw_available":true,"draw_size":91,"favorites":[{"player":"Jannik Sinner","hard_rating":2459.0,"overall_rating":27
[200] /api/insights/recent
  body: {"insights":[{"headline":"Zverev's clay mastery masks grass court weakness","body":"Zverev rates 92.9 on clay but drops to 79.8 on grass, a 13.1-point gap that exposes significant surface dependency. 
